<?xml version="1.0" encoding="UTF-8"?>
<!-- Generated by org.testng.reporters.JUnitReportReporter -->
<testsuite hostname="Cherry" failures="0" tests="2" name="Base.TestTestNg" time="0.005" errors="0" timestamp="2025-01-12T20:13:53 CST" skipped="0">
  <testcase classname="Base.TestTestNg" name="test" time="0.004"/>
  <system-out/>
  <testcase classname="Base.TestTestNg" name="test1" time="0.001"/>
  <system-out/>
</testsuite> <!-- Base.TestTestNg -->
