<?xml version="1.0" encoding="UTF-8"?>
<!-- Generated by org.testng.reporters.JUnitReportReporter -->
<testsuite hostname="Cherry" failures="0" tests="1" name="TestCases.TC1_Test2" time="0.703" errors="0" timestamp="2025-01-12T20:13:53 CST" skipped="0">
  <testcase classname="TestCases.TC1_Test2" name="Testcase" time="0.703"/>
  <system-out/>
</testsuite> <!-- TestCases.TC1_Test2 -->
